<?xml version="1.0" encoding="UTF-8"?>
<testsuite xmlns:xsi="http://www.w3.org/2001/XMLSchema-instance" xsi:noNamespaceSchemaLocation="https://maven.apache.org/surefire/maven-surefire-plugin/xsd/surefire-test-report-3.0.xsd" version="3.0" name="com.example.juniorjavadeveloperbvpsoftware.service.UserServiceTest" time="0.059" tests="16" errors="0" skipped="0" failures="0">
  <properties>
    <property name="java.specification.version" value="21"/>
    <property name="sun.cpu.isalist" value="amd64"/>
    <property name="sun.jnu.encoding" value="Cp1252"/>
    <property name="java.class.path" value="C:\Users\user\IdeaProjects\Junior-Java-Developer-BVP-Software\target\test-classes;C:\Users\user\IdeaProjects\Junior-Java-Developer-BVP-Software\target\classes;C:\Users\user\.m2\repository\org\springframework\boot\spring-boot-starter-security\3.2.4\spring-boot-starter-security-3.2.4.jar;C:\Users\user\.m2\repository\org\springframework\boot\spring-boot-starter\3.2.4\spring-boot-starter-3.2.4.jar;C:\Users\user\.m2\repository\org\springframework\boot\spring-boot\3.2.4\spring-boot-3.2.4.jar;C:\Users\user\.m2\repository\org\springframework\boot\spring-boot-autoconfigure\3.2.4\spring-boot-autoconfigure-3.2.4.jar;C:\Users\user\.m2\repository\org\springframework\boot\spring-boot-starter-logging\3.2.4\spring-boot-starter-logging-3.2.4.jar;C:\Users\user\.m2\repository\ch\qos\logback\logback-classic\1.4.14\logback-classic-1.4.14.jar;C:\Users\user\.m2\repository\ch\qos\logback\logback-core\1.4.14\logback-core-1.4.14.jar;C:\Users\user\.m2\repository\org\apache\logging\log4j\log4j-to-slf4j\2.21.1\log4j-to-slf4j-2.21.1.jar;C:\Users\user\.m2\repository\org\apache\logging\log4j\log4j-api\2.21.1\log4j-api-2.21.1.jar;C:\Users\user\.m2\repository\org\slf4j\jul-to-slf4j\2.0.12\jul-to-slf4j-2.0.12.jar;C:\Users\user\.m2\repository\jakarta\annotation\jakarta.annotation-api\2.1.1\jakarta.annotation-api-2.1.1.jar;C:\Users\user\.m2\repository\org\yaml\snakeyaml\2.2\snakeyaml-2.2.jar;C:\Users\user\.m2\repository\org\springframework\spring-aop\6.1.5\spring-aop-6.1.5.jar;C:\Users\user\.m2\repository\org\springframework\security\spring-security-config\6.2.3\spring-security-config-6.2.3.jar;C:\Users\user\.m2\repository\org\springframework\security\spring-security-web\6.2.3\spring-security-web-6.2.3.jar;C:\Users\user\.m2\repository\org\springframework\spring-expression\6.1.5\spring-expression-6.1.5.jar;C:\Users\user\.m2\repository\org\springframework\boot\spring-boot-starter-web\3.2.4\spring-boot-starter-web-3.2.4.jar;C:\Users\user\.m2\repository\org\springframework\boot\spring-boot-starter-json\3.2.4\spring-boot-starter-json-3.2.4.jar;C:\Users\user\.m2\repository\com\fasterxml\jackson\datatype\jackson-datatype-jdk8\2.15.4\jackson-datatype-jdk8-2.15.4.jar;C:\Users\user\.m2\repository\com\fasterxml\jackson\datatype\jackson-datatype-jsr310\2.15.4\jackson-datatype-jsr310-2.15.4.jar;C:\Users\user\.m2\repository\com\fasterxml\jackson\module\jackson-module-parameter-names\2.15.4\jackson-module-parameter-names-2.15.4.jar;C:\Users\user\.m2\repository\org\springframework\boot\spring-boot-starter-tomcat\3.2.4\spring-boot-starter-tomcat-3.2.4.jar;C:\Users\user\.m2\repository\org\apache\tomcat\embed\tomcat-embed-core\10.1.19\tomcat-embed-core-10.1.19.jar;C:\Users\user\.m2\repository\org\apache\tomcat\embed\tomcat-embed-el\10.1.19\tomcat-embed-el-10.1.19.jar;C:\Users\user\.m2\repository\org\apache\tomcat\embed\tomcat-embed-websocket\10.1.19\tomcat-embed-websocket-10.1.19.jar;C:\Users\user\.m2\repository\org\springframework\spring-web\6.1.5\spring-web-6.1.5.jar;C:\Users\user\.m2\repository\io\micrometer\micrometer-observation\1.12.4\micrometer-observation-1.12.4.jar;C:\Users\user\.m2\repository\io\micrometer\micrometer-commons\1.12.4\micrometer-commons-1.12.4.jar;C:\Users\user\.m2\repository\org\springframework\spring-webmvc\6.1.5\spring-webmvc-6.1.5.jar;C:\Users\user\.m2\repository\org\flywaydb\flyway-core\9.22.3\flyway-core-9.22.3.jar;C:\Users\user\.m2\repository\com\fasterxml\jackson\dataformat\jackson-dataformat-toml\2.15.4\jackson-dataformat-toml-2.15.4.jar;C:\Users\user\.m2\repository\com\fasterxml\jackson\core\jackson-core\2.15.4\jackson-core-2.15.4.jar;C:\Users\user\.m2\repository\com\google\code\gson\gson\2.10.1\gson-2.10.1.jar;C:\Users\user\.m2\repository\org\postgresql\postgresql\42.6.2\postgresql-42.6.2.jar;C:\Users\user\.m2\repository\org\checkerframework\checker-qual\3.31.0\checker-qual-3.31.0.jar;C:\Users\user\.m2\repository\org\springframework\boot\spring-boot-starter-test\3.2.4\spring-boot-starter-test-3.2.4.jar;C:\Users\user\.m2\repository\org\springframework\boot\spring-boot-test\3.2.4\spring-boot-test-3.2.4.jar;C:\Users\user\.m2\repository\org\springframework\boot\spring-boot-test-autoconfigure\3.2.4\spring-boot-test-autoconfigure-3.2.4.jar;C:\Users\user\.m2\repository\com\jayway\jsonpath\json-path\2.9.0\json-path-2.9.0.jar;C:\Users\user\.m2\repository\jakarta\xml\bind\jakarta.xml.bind-api\4.0.2\jakarta.xml.bind-api-4.0.2.jar;C:\Users\user\.m2\repository\jakarta\activation\jakarta.activation-api\2.1.3\jakarta.activation-api-2.1.3.jar;C:\Users\user\.m2\repository\net\minidev\json-smart\2.5.0\json-smart-2.5.0.jar;C:\Users\user\.m2\repository\net\minidev\accessors-smart\2.5.0\accessors-smart-2.5.0.jar;C:\Users\user\.m2\repository\org\ow2\asm\asm\9.3\asm-9.3.jar;C:\Users\user\.m2\repository\org\assertj\assertj-core\3.24.2\assertj-core-3.24.2.jar;C:\Users\user\.m2\repository\net\bytebuddy\byte-buddy\1.14.12\byte-buddy-1.14.12.jar;C:\Users\user\.m2\repository\org\awaitility\awaitility\4.2.0\awaitility-4.2.0.jar;C:\Users\user\.m2\repository\org\hamcrest\hamcrest\2.2\hamcrest-2.2.jar;C:\Users\user\.m2\repository\org\junit\jupiter\junit-jupiter\5.10.2\junit-jupiter-5.10.2.jar;C:\Users\user\.m2\repository\org\junit\jupiter\junit-jupiter-params\5.10.2\junit-jupiter-params-5.10.2.jar;C:\Users\user\.m2\repository\org\junit\jupiter\junit-jupiter-engine\5.10.2\junit-jupiter-engine-5.10.2.jar;C:\Users\user\.m2\repository\org\junit\platform\junit-platform-engine\1.10.2\junit-platform-engine-1.10.2.jar;C:\Users\user\.m2\repository\org\mockito\mockito-core\5.7.0\mockito-core-5.7.0.jar;C:\Users\user\.m2\repository\net\bytebuddy\byte-buddy-agent\1.14.12\byte-buddy-agent-1.14.12.jar;C:\Users\user\.m2\repository\org\objenesis\objenesis\3.3\objenesis-3.3.jar;C:\Users\user\.m2\repository\org\mockito\mockito-junit-jupiter\5.7.0\mockito-junit-jupiter-5.7.0.jar;C:\Users\user\.m2\repository\org\skyscreamer\jsonassert\1.5.1\jsonassert-1.5.1.jar;C:\Users\user\.m2\repository\com\vaadin\external\google\android-json\0.0.20131108.vaadin1\android-json-0.0.20131108.vaadin1.jar;C:\Users\user\.m2\repository\org\springframework\spring-core\6.1.5\spring-core-6.1.5.jar;C:\Users\user\.m2\repository\org\springframework\spring-jcl\6.1.5\spring-jcl-6.1.5.jar;C:\Users\user\.m2\repository\org\springframework\spring-test\6.1.5\spring-test-6.1.5.jar;C:\Users\user\.m2\repository\org\xmlunit\xmlunit-core\2.9.1\xmlunit-core-2.9.1.jar;C:\Users\user\.m2\repository\org\springframework\security\spring-security-test\6.2.3\spring-security-test-6.2.3.jar;C:\Users\user\.m2\repository\org\springframework\security\spring-security-core\6.2.3\spring-security-core-6.2.3.jar;C:\Users\user\.m2\repository\org\springframework\security\spring-security-crypto\6.2.3\spring-security-crypto-6.2.3.jar;C:\Users\user\.m2\repository\org\springframework\boot\spring-boot-starter-data-jpa\3.2.4\spring-boot-starter-data-jpa-3.2.4.jar;C:\Users\user\.m2\repository\org\springframework\boot\spring-boot-starter-aop\3.2.4\spring-boot-starter-aop-3.2.4.jar;C:\Users\user\.m2\repository\org\aspectj\aspectjweaver\1.9.21\aspectjweaver-1.9.21.jar;C:\Users\user\.m2\repository\org\springframework\boot\spring-boot-starter-jdbc\3.2.4\spring-boot-starter-jdbc-3.2.4.jar;C:\Users\user\.m2\repository\com\zaxxer\HikariCP\5.0.1\HikariCP-5.0.1.jar;C:\Users\user\.m2\repository\org\springframework\spring-jdbc\6.1.5\spring-jdbc-6.1.5.jar;C:\Users\user\.m2\repository\org\hibernate\orm\hibernate-core\6.4.4.Final\hibernate-core-6.4.4.Final.jar;C:\Users\user\.m2\repository\jakarta\persistence\jakarta.persistence-api\3.1.0\jakarta.persistence-api-3.1.0.jar;C:\Users\user\.m2\repository\jakarta\transaction\jakarta.transaction-api\2.0.1\jakarta.transaction-api-2.0.1.jar;C:\Users\user\.m2\repository\org\jboss\logging\jboss-logging\3.5.3.Final\jboss-logging-3.5.3.Final.jar;C:\Users\user\.m2\repository\org\hibernate\common\hibernate-commons-annotations\6.0.6.Final\hibernate-commons-annotations-6.0.6.Final.jar;C:\Users\user\.m2\repository\io\smallrye\jandex\3.1.2\jandex-3.1.2.jar;C:\Users\user\.m2\repository\org\glassfish\jaxb\jaxb-runtime\4.0.5\jaxb-runtime-4.0.5.jar;C:\Users\user\.m2\repository\org\glassfish\jaxb\jaxb-core\4.0.5\jaxb-core-4.0.5.jar;C:\Users\user\.m2\repository\org\glassfish\jaxb\txw2\4.0.5\txw2-4.0.5.jar;C:\Users\user\.m2\repository\com\sun\istack\istack-commons-runtime\4.1.2\istack-commons-runtime-4.1.2.jar;C:\Users\user\.m2\repository\jakarta\inject\jakarta.inject-api\2.0.1\jakarta.inject-api-2.0.1.jar;C:\Users\user\.m2\repository\org\antlr\antlr4-runtime\4.13.0\antlr4-runtime-4.13.0.jar;C:\Users\user\.m2\repository\org\springframework\data\spring-data-jpa\3.2.4\spring-data-jpa-3.2.4.jar;C:\Users\user\.m2\repository\org\springframework\data\spring-data-commons\3.2.4\spring-data-commons-3.2.4.jar;C:\Users\user\.m2\repository\org\springframework\spring-orm\6.1.5\spring-orm-6.1.5.jar;C:\Users\user\.m2\repository\org\springframework\spring-tx\6.1.5\spring-tx-6.1.5.jar;C:\Users\user\.m2\repository\org\springframework\spring-aspects\6.1.5\spring-aspects-6.1.5.jar;C:\Users\user\.m2\repository\javax\validation\validation-api\2.0.1.Final\validation-api-2.0.1.Final.jar;C:\Users\user\.m2\repository\org\projectlombok\lombok\1.18.32\lombok-1.18.32.jar;C:\Users\user\.m2\repository\org\modelmapper\modelmapper\3.2.0\modelmapper-3.2.0.jar;C:\Users\user\.m2\repository\io\springfox\springfox-spring-web\2.0.1\springfox-spring-web-2.0.1.jar;C:\Users\user\.m2\repository\com\google\guava\guava\18.0\guava-18.0.jar;C:\Users\user\.m2\repository\com\fasterxml\classmate\1.6.0\classmate-1.6.0.jar;C:\Users\user\.m2\repository\org\slf4j\slf4j-api\2.0.12\slf4j-api-2.0.12.jar;C:\Users\user\.m2\repository\joda-time\joda-time\2.7\joda-time-2.7.jar;C:\Users\user\.m2\repository\org\springframework\plugin\spring-plugin-metadata\1.2.0.RELEASE\spring-plugin-metadata-1.2.0.RELEASE.jar;C:\Users\user\.m2\repository\org\springframework\hateoas\spring-hateoas\2.2.1\spring-hateoas-2.2.1.jar;C:\Users\user\.m2\repository\io\springfox\springfox-spi\2.0.1\springfox-spi-2.0.1.jar;C:\Users\user\.m2\repository\io\springfox\springfox-core\2.0.1\springfox-core-2.0.1.jar;C:\Users\user\.m2\repository\io\springfox\springfox-schema\2.0.1\springfox-schema-2.0.1.jar;C:\Users\user\.m2\repository\jakarta\servlet\jakarta.servlet-api\6.1.0-M2\jakarta.servlet-api-6.1.0-M2.jar;C:\Users\user\.m2\repository\io\jsonwebtoken\jjwt\0.12.5\jjwt-0.12.5.jar;C:\Users\user\.m2\repository\io\jsonwebtoken\jjwt-api\0.12.5\jjwt-api-0.12.5.jar;C:\Users\user\.m2\repository\io\jsonwebtoken\jjwt-impl\0.12.5\jjwt-impl-0.12.5.jar;C:\Users\user\.m2\repository\io\jsonwebtoken\jjwt-jackson\0.12.5\jjwt-jackson-0.12.5.jar;C:\Users\user\.m2\repository\org\springframework\security\oauth\spring-security-oauth2\2.5.2.RELEASE\spring-security-oauth2-2.5.2.RELEASE.jar;C:\Users\user\.m2\repository\org\springframework\spring-beans\6.1.5\spring-beans-6.1.5.jar;C:\Users\user\.m2\repository\org\springframework\spring-context\6.1.5\spring-context-6.1.5.jar;C:\Users\user\.m2\repository\commons-codec\commons-codec\1.16.1\commons-codec-1.16.1.jar;C:\Users\user\.m2\repository\org\springframework\plugin\spring-plugin-core\3.0.0\spring-plugin-core-3.0.0.jar;C:\Users\user\.m2\repository\org\springframework\boot\spring-boot-starter-mail\3.2.4\spring-boot-starter-mail-3.2.4.jar;C:\Users\user\.m2\repository\org\springframework\spring-context-support\6.1.5\spring-context-support-6.1.5.jar;C:\Users\user\.m2\repository\org\eclipse\angus\jakarta.mail\2.0.3\jakarta.mail-2.0.3.jar;C:\Users\user\.m2\repository\org\eclipse\angus\angus-activation\2.0.2\angus-activation-2.0.2.jar;C:\Users\user\.m2\repository\com\google\api-client\google-api-client\2.4.0\google-api-client-2.4.0.jar;C:\Users\user\.m2\repository\com\google\oauth-client\google-oauth-client\1.35.0\google-oauth-client-1.35.0.jar;C:\Users\user\.m2\repository\com\google\auth\google-auth-library-credentials\1.23.0\google-auth-library-credentials-1.23.0.jar;C:\Users\user\.m2\repository\com\google\auth\google-auth-library-oauth2-http\1.23.0\google-auth-library-oauth2-http-1.23.0.jar;C:\Users\user\.m2\repository\com\google\auto\value\auto-value-annotations\1.10.4\auto-value-annotations-1.10.4.jar;C:\Users\user\.m2\repository\com\google\code\findbugs\jsr305\3.0.2\jsr305-3.0.2.jar;C:\Users\user\.m2\repository\com\google\errorprone\error_prone_annotations\2.18.0\error_prone_annotations-2.18.0.jar;C:\Users\user\.m2\repository\com\google\http-client\google-http-client-gson\1.44.1\google-http-client-gson-1.44.1.jar;C:\Users\user\.m2\repository\com\google\http-client\google-http-client-apache-v2\1.44.1\google-http-client-apache-v2-1.44.1.jar;C:\Users\user\.m2\repository\org\apache\httpcomponents\httpcore\4.4.16\httpcore-4.4.16.jar;C:\Users\user\.m2\repository\org\apache\httpcomponents\httpclient\4.5.14\httpclient-4.5.14.jar;C:\Users\user\.m2\repository\commons-logging\commons-logging\1.2\commons-logging-1.2.jar;C:\Users\user\.m2\repository\com\google\http-client\google-http-client\1.44.1\google-http-client-1.44.1.jar;C:\Users\user\.m2\repository\com\google\j2objc\j2objc-annotations\2.8\j2objc-annotations-2.8.jar;C:\Users\user\.m2\repository\io\grpc\grpc-context\1.60.1\grpc-context-1.60.1.jar;C:\Users\user\.m2\repository\io\grpc\grpc-api\1.60.1\grpc-api-1.60.1.jar;C:\Users\user\.m2\repository\io\opencensus\opencensus-api\0.31.1\opencensus-api-0.31.1.jar;C:\Users\user\.m2\repository\io\opencensus\opencensus-contrib-http-util\0.31.1\opencensus-contrib-http-util-0.31.1.jar;C:\Users\user\.m2\repository\com\google\apis\google-api-services-gmail\v1-rev110-1.25.0\google-api-services-gmail-v1-rev110-1.25.0.jar;C:\Users\user\.m2\repository\com\google\api-client\google-api-client-jackson2\1.20.0\google-api-client-jackson2-1.20.0.jar;C:\Users\user\.m2\repository\com\google\http-client\google-http-client-jackson2\1.20.0\google-http-client-jackson2-1.20.0.jar;C:\Users\user\.m2\repository\org\springframework\security\spring-security-oauth2-client\6.2.3\spring-security-oauth2-client-6.2.3.jar;C:\Users\user\.m2\repository\org\springframework\security\spring-security-oauth2-core\6.2.3\spring-security-oauth2-core-6.2.3.jar;C:\Users\user\.m2\repository\com\nimbusds\oauth2-oidc-sdk\9.43.3\oauth2-oidc-sdk-9.43.3.jar;C:\Users\user\.m2\repository\com\github\stephenc\jcip\jcip-annotations\1.0-1\jcip-annotations-1.0-1.jar;C:\Users\user\.m2\repository\com\nimbusds\content-type\2.2\content-type-2.2.jar;C:\Users\user\.m2\repository\com\nimbusds\lang-tag\1.7\lang-tag-1.7.jar;C:\Users\user\.m2\repository\javax\mail\mail\1.4\mail-1.4.jar;C:\Users\user\.m2\repository\javax\activation\activation\1.1\activation-1.1.jar;C:\Users\user\.m2\repository\org\springframework\security\spring-security-oauth2-authorization-server\1.2.3\spring-security-oauth2-authorization-server-1.2.3.jar;C:\Users\user\.m2\repository\org\springframework\security\spring-security-oauth2-jose\6.2.3\spring-security-oauth2-jose-6.2.3.jar;C:\Users\user\.m2\repository\org\springframework\security\spring-security-oauth2-resource-server\6.2.3\spring-security-oauth2-resource-server-6.2.3.jar;C:\Users\user\.m2\repository\com\nimbusds\nimbus-jose-jwt\9.37.3\nimbus-jose-jwt-9.37.3.jar;C:\Users\user\.m2\repository\com\fasterxml\jackson\core\jackson-databind\2.15.4\jackson-databind-2.15.4.jar;C:\Users\user\.m2\repository\com\fasterxml\jackson\core\jackson-annotations\2.15.4\jackson-annotations-2.15.4.jar;C:\Users\user\.m2\repository\org\junit\jupiter\junit-jupiter-api\5.10.2\junit-jupiter-api-5.10.2.jar;C:\Users\user\.m2\repository\org\opentest4j\opentest4j\1.3.0\opentest4j-1.3.0.jar;C:\Users\user\.m2\repository\org\junit\platform\junit-platform-commons\1.10.2\junit-platform-commons-1.10.2.jar;C:\Users\user\.m2\repository\org\apiguardian\apiguardian-api\1.1.2\apiguardian-api-1.1.2.jar;C:\Users\user\.m2\repository\com\h2database\h2\2.2.224\h2-2.2.224.jar;C:\Users\user\.m2\repository\io\springfox\springfox-swagger2\3.0.0\springfox-swagger2-3.0.0.jar;C:\Users\user\.m2\repository\io\springfox\springfox-swagger-common\3.0.0\springfox-swagger-common-3.0.0.jar;C:\Users\user\.m2\repository\io\swagger\core\v3\swagger-annotations\2.1.2\swagger-annotations-2.1.2.jar;C:\Users\user\.m2\repository\io\springfox\springfox-spring-webmvc\3.0.0\springfox-spring-webmvc-3.0.0.jar;C:\Users\user\.m2\repository\io\springfox\springfox-spring-webflux\3.0.0\springfox-spring-webflux-3.0.0.jar;C:\Users\user\.m2\repository\io\swagger\swagger-annotations\1.5.20\swagger-annotations-1.5.20.jar;C:\Users\user\.m2\repository\io\swagger\swagger-models\1.5.20\swagger-models-1.5.20.jar;C:\Users\user\.m2\repository\org\mapstruct\mapstruct\1.3.1.Final\mapstruct-1.3.1.Final.jar;C:\Users\user\.m2\repository\org\springdoc\springdoc-openapi-starter-webmvc-ui\2.5.0\springdoc-openapi-starter-webmvc-ui-2.5.0.jar;C:\Users\user\.m2\repository\org\springdoc\springdoc-openapi-starter-webmvc-api\2.5.0\springdoc-openapi-starter-webmvc-api-2.5.0.jar;C:\Users\user\.m2\repository\org\springdoc\springdoc-openapi-starter-common\2.5.0\springdoc-openapi-starter-common-2.5.0.jar;C:\Users\user\.m2\repository\io\swagger\core\v3\swagger-core-jakarta\2.2.21\swagger-core-jakarta-2.2.21.jar;C:\Users\user\.m2\repository\org\apache\commons\commons-lang3\3.13.0\commons-lang3-3.13.0.jar;C:\Users\user\.m2\repository\io\swagger\core\v3\swagger-annotations-jakarta\2.2.21\swagger-annotations-jakarta-2.2.21.jar;C:\Users\user\.m2\repository\io\swagger\core\v3\swagger-models-jakarta\2.2.21\swagger-models-jakarta-2.2.21.jar;C:\Users\user\.m2\repository\jakarta\validation\jakarta.validation-api\3.0.2\jakarta.validation-api-3.0.2.jar;C:\Users\user\.m2\repository\com\fasterxml\jackson\dataformat\jackson-dataformat-yaml\2.15.4\jackson-dataformat-yaml-2.15.4.jar;C:\Users\user\.m2\repository\org\webjars\swagger-ui\5.13.0\swagger-ui-5.13.0.jar;"/>
    <property name="java.vm.vendor" value="Oracle Corporation"/>
    <property name="sun.arch.data.model" value="64"/>
    <property name="user.variant" value=""/>
    <property name="java.vendor.url" value="https://java.oracle.com/"/>
    <property name="user.timezone" value="Europe/Kiev"/>
    <property name="org.jboss.logging.provider" value="slf4j"/>
    <property name="os.name" value="Windows 10"/>
    <property name="java.vm.specification.version" value="21"/>
    <property name="sun.java.launcher" value="SUN_STANDARD"/>
    <property name="user.country" value="US"/>
    <property name="sun.boot.library.path" value="C:\Users\user\.jdks\openjdk-21.0.2\bin"/>
    <property name="sun.java.command" value="C:\Users\user\AppData\Local\Temp\surefire15553858793777712019\surefirebooter-20240414232500755_3.jar C:\Users\user\AppData\Local\Temp\surefire15553858793777712019 2024-04-14T23-25-00_575-jvmRun1 surefire-20240414232500755_1tmp surefire_0-20240414232500755_2tmp"/>
    <property name="jdk.debug" value="release"/>
    <property name="surefire.test.class.path" value="C:\Users\user\IdeaProjects\Junior-Java-Developer-BVP-Software\target\test-classes;C:\Users\user\IdeaProjects\Junior-Java-Developer-BVP-Software\target\classes;C:\Users\user\.m2\repository\org\springframework\boot\spring-boot-starter-security\3.2.4\spring-boot-starter-security-3.2.4.jar;C:\Users\user\.m2\repository\org\springframework\boot\spring-boot-starter\3.2.4\spring-boot-starter-3.2.4.jar;C:\Users\user\.m2\repository\org\springframework\boot\spring-boot\3.2.4\spring-boot-3.2.4.jar;C:\Users\user\.m2\repository\org\springframework\boot\spring-boot-autoconfigure\3.2.4\spring-boot-autoconfigure-3.2.4.jar;C:\Users\user\.m2\repository\org\springframework\boot\spring-boot-starter-logging\3.2.4\spring-boot-starter-logging-3.2.4.jar;C:\Users\user\.m2\repository\ch\qos\logback\logback-classic\1.4.14\logback-classic-1.4.14.jar;C:\Users\user\.m2\repository\ch\qos\logback\logback-core\1.4.14\logback-core-1.4.14.jar;C:\Users\user\.m2\repository\org\apache\logging\log4j\log4j-to-slf4j\2.21.1\log4j-to-slf4j-2.21.1.jar;C:\Users\user\.m2\repository\org\apache\logging\log4j\log4j-api\2.21.1\log4j-api-2.21.1.jar;C:\Users\user\.m2\repository\org\slf4j\jul-to-slf4j\2.0.12\jul-to-slf4j-2.0.12.jar;C:\Users\user\.m2\repository\jakarta\annotation\jakarta.annotation-api\2.1.1\jakarta.annotation-api-2.1.1.jar;C:\Users\user\.m2\repository\org\yaml\snakeyaml\2.2\snakeyaml-2.2.jar;C:\Users\user\.m2\repository\org\springframework\spring-aop\6.1.5\spring-aop-6.1.5.jar;C:\Users\user\.m2\repository\org\springframework\security\spring-security-config\6.2.3\spring-security-config-6.2.3.jar;C:\Users\user\.m2\repository\org\springframework\security\spring-security-web\6.2.3\spring-security-web-6.2.3.jar;C:\Users\user\.m2\repository\org\springframework\spring-expression\6.1.5\spring-expression-6.1.5.jar;C:\Users\user\.m2\repository\org\springframework\boot\spring-boot-starter-web\3.2.4\spring-boot-starter-web-3.2.4.jar;C:\Users\user\.m2\repository\org\springframework\boot\spring-boot-starter-json\3.2.4\spring-boot-starter-json-3.2.4.jar;C:\Users\user\.m2\repository\com\fasterxml\jackson\datatype\jackson-datatype-jdk8\2.15.4\jackson-datatype-jdk8-2.15.4.jar;C:\Users\user\.m2\repository\com\fasterxml\jackson\datatype\jackson-datatype-jsr310\2.15.4\jackson-datatype-jsr310-2.15.4.jar;C:\Users\user\.m2\repository\com\fasterxml\jackson\module\jackson-module-parameter-names\2.15.4\jackson-module-parameter-names-2.15.4.jar;C:\Users\user\.m2\repository\org\springframework\boot\spring-boot-starter-tomcat\3.2.4\spring-boot-starter-tomcat-3.2.4.jar;C:\Users\user\.m2\repository\org\apache\tomcat\embed\tomcat-embed-core\10.1.19\tomcat-embed-core-10.1.19.jar;C:\Users\user\.m2\repository\org\apache\tomcat\embed\tomcat-embed-el\10.1.19\tomcat-embed-el-10.1.19.jar;C:\Users\user\.m2\repository\org\apache\tomcat\embed\tomcat-embed-websocket\10.1.19\tomcat-embed-websocket-10.1.19.jar;C:\Users\user\.m2\repository\org\springframework\spring-web\6.1.5\spring-web-6.1.5.jar;C:\Users\user\.m2\repository\io\micrometer\micrometer-observation\1.12.4\micrometer-observation-1.12.4.jar;C:\Users\user\.m2\repository\io\micrometer\micrometer-commons\1.12.4\micrometer-commons-1.12.4.jar;C:\Users\user\.m2\repository\org\springframework\spring-webmvc\6.1.5\spring-webmvc-6.1.5.jar;C:\Users\user\.m2\repository\org\flywaydb\flyway-core\9.22.3\flyway-core-9.22.3.jar;C:\Users\user\.m2\repository\com\fasterxml\jackson\dataformat\jackson-dataformat-toml\2.15.4\jackson-dataformat-toml-2.15.4.jar;C:\Users\user\.m2\repository\com\fasterxml\jackson\core\jackson-core\2.15.4\jackson-core-2.15.4.jar;C:\Users\user\.m2\repository\com\google\code\gson\gson\2.10.1\gson-2.10.1.jar;C:\Users\user\.m2\repository\org\postgresql\postgresql\42.6.2\postgresql-42.6.2.jar;C:\Users\user\.m2\repository\org\checkerframework\checker-qual\3.31.0\checker-qual-3.31.0.jar;C:\Users\user\.m2\repository\org\springframework\boot\spring-boot-starter-test\3.2.4\spring-boot-starter-test-3.2.4.jar;C:\Users\user\.m2\repository\org\springframework\boot\spring-boot-test\3.2.4\spring-boot-test-3.2.4.jar;C:\Users\user\.m2\repository\org\springframework\boot\spring-boot-test-autoconfigure\3.2.4\spring-boot-test-autoconfigure-3.2.4.jar;C:\Users\user\.m2\repository\com\jayway\jsonpath\json-path\2.9.0\json-path-2.9.0.jar;C:\Users\user\.m2\repository\jakarta\xml\bind\jakarta.xml.bind-api\4.0.2\jakarta.xml.bind-api-4.0.2.jar;C:\Users\user\.m2\repository\jakarta\activation\jakarta.activation-api\2.1.3\jakarta.activation-api-2.1.3.jar;C:\Users\user\.m2\repository\net\minidev\json-smart\2.5.0\json-smart-2.5.0.jar;C:\Users\user\.m2\repository\net\minidev\accessors-smart\2.5.0\accessors-smart-2.5.0.jar;C:\Users\user\.m2\repository\org\ow2\asm\asm\9.3\asm-9.3.jar;C:\Users\user\.m2\repository\org\assertj\assertj-core\3.24.2\assertj-core-3.24.2.jar;C:\Users\user\.m2\repository\net\bytebuddy\byte-buddy\1.14.12\byte-buddy-1.14.12.jar;C:\Users\user\.m2\repository\org\awaitility\awaitility\4.2.0\awaitility-4.2.0.jar;C:\Users\user\.m2\repository\org\hamcrest\hamcrest\2.2\hamcrest-2.2.jar;C:\Users\user\.m2\repository\org\junit\jupiter\junit-jupiter\5.10.2\junit-jupiter-5.10.2.jar;C:\Users\user\.m2\repository\org\junit\jupiter\junit-jupiter-params\5.10.2\junit-jupiter-params-5.10.2.jar;C:\Users\user\.m2\repository\org\junit\jupiter\junit-jupiter-engine\5.10.2\junit-jupiter-engine-5.10.2.jar;C:\Users\user\.m2\repository\org\junit\platform\junit-platform-engine\1.10.2\junit-platform-engine-1.10.2.jar;C:\Users\user\.m2\repository\org\mockito\mockito-core\5.7.0\mockito-core-5.7.0.jar;C:\Users\user\.m2\repository\net\bytebuddy\byte-buddy-agent\1.14.12\byte-buddy-agent-1.14.12.jar;C:\Users\user\.m2\repository\org\objenesis\objenesis\3.3\objenesis-3.3.jar;C:\Users\user\.m2\repository\org\mockito\mockito-junit-jupiter\5.7.0\mockito-junit-jupiter-5.7.0.jar;C:\Users\user\.m2\repository\org\skyscreamer\jsonassert\1.5.1\jsonassert-1.5.1.jar;C:\Users\user\.m2\repository\com\vaadin\external\google\android-json\0.0.20131108.vaadin1\android-json-0.0.20131108.vaadin1.jar;C:\Users\user\.m2\repository\org\springframework\spring-core\6.1.5\spring-core-6.1.5.jar;C:\Users\user\.m2\repository\org\springframework\spring-jcl\6.1.5\spring-jcl-6.1.5.jar;C:\Users\user\.m2\repository\org\springframework\spring-test\6.1.5\spring-test-6.1.5.jar;C:\Users\user\.m2\repository\org\xmlunit\xmlunit-core\2.9.1\xmlunit-core-2.9.1.jar;C:\Users\user\.m2\repository\org\springframework\security\spring-security-test\6.2.3\spring-security-test-6.2.3.jar;C:\Users\user\.m2\repository\org\springframework\security\spring-security-core\6.2.3\spring-security-core-6.2.3.jar;C:\Users\user\.m2\repository\org\springframework\security\spring-security-crypto\6.2.3\spring-security-crypto-6.2.3.jar;C:\Users\user\.m2\repository\org\springframework\boot\spring-boot-starter-data-jpa\3.2.4\spring-boot-starter-data-jpa-3.2.4.jar;C:\Users\user\.m2\repository\org\springframework\boot\spring-boot-starter-aop\3.2.4\spring-boot-starter-aop-3.2.4.jar;C:\Users\user\.m2\repository\org\aspectj\aspectjweaver\1.9.21\aspectjweaver-1.9.21.jar;C:\Users\user\.m2\repository\org\springframework\boot\spring-boot-starter-jdbc\3.2.4\spring-boot-starter-jdbc-3.2.4.jar;C:\Users\user\.m2\repository\com\zaxxer\HikariCP\5.0.1\HikariCP-5.0.1.jar;C:\Users\user\.m2\repository\org\springframework\spring-jdbc\6.1.5\spring-jdbc-6.1.5.jar;C:\Users\user\.m2\repository\org\hibernate\orm\hibernate-core\6.4.4.Final\hibernate-core-6.4.4.Final.jar;C:\Users\user\.m2\repository\jakarta\persistence\jakarta.persistence-api\3.1.0\jakarta.persistence-api-3.1.0.jar;C:\Users\user\.m2\repository\jakarta\transaction\jakarta.transaction-api\2.0.1\jakarta.transaction-api-2.0.1.jar;C:\Users\user\.m2\repository\org\jboss\logging\jboss-logging\3.5.3.Final\jboss-logging-3.5.3.Final.jar;C:\Users\user\.m2\repository\org\hibernate\common\hibernate-commons-annotations\6.0.6.Final\hibernate-commons-annotations-6.0.6.Final.jar;C:\Users\user\.m2\repository\io\smallrye\jandex\3.1.2\jandex-3.1.2.jar;C:\Users\user\.m2\repository\org\glassfish\jaxb\jaxb-runtime\4.0.5\jaxb-runtime-4.0.5.jar;C:\Users\user\.m2\repository\org\glassfish\jaxb\jaxb-core\4.0.5\jaxb-core-4.0.5.jar;C:\Users\user\.m2\repository\org\glassfish\jaxb\txw2\4.0.5\txw2-4.0.5.jar;C:\Users\user\.m2\repository\com\sun\istack\istack-commons-runtime\4.1.2\istack-commons-runtime-4.1.2.jar;C:\Users\user\.m2\repository\jakarta\inject\jakarta.inject-api\2.0.1\jakarta.inject-api-2.0.1.jar;C:\Users\user\.m2\repository\org\antlr\antlr4-runtime\4.13.0\antlr4-runtime-4.13.0.jar;C:\Users\user\.m2\repository\org\springframework\data\spring-data-jpa\3.2.4\spring-data-jpa-3.2.4.jar;C:\Users\user\.m2\repository\org\springframework\data\spring-data-commons\3.2.4\spring-data-commons-3.2.4.jar;C:\Users\user\.m2\repository\org\springframework\spring-orm\6.1.5\spring-orm-6.1.5.jar;C:\Users\user\.m2\repository\org\springframework\spring-tx\6.1.5\spring-tx-6.1.5.jar;C:\Users\user\.m2\repository\org\springframework\spring-aspects\6.1.5\spring-aspects-6.1.5.jar;C:\Users\user\.m2\repository\javax\validation\validation-api\2.0.1.Final\validation-api-2.0.1.Final.jar;C:\Users\user\.m2\repository\org\projectlombok\lombok\1.18.32\lombok-1.18.32.jar;C:\Users\user\.m2\repository\org\modelmapper\modelmapper\3.2.0\modelmapper-3.2.0.jar;C:\Users\user\.m2\repository\io\springfox\springfox-spring-web\2.0.1\springfox-spring-web-2.0.1.jar;C:\Users\user\.m2\repository\com\google\guava\guava\18.0\guava-18.0.jar;C:\Users\user\.m2\repository\com\fasterxml\classmate\1.6.0\classmate-1.6.0.jar;C:\Users\user\.m2\repository\org\slf4j\slf4j-api\2.0.12\slf4j-api-2.0.12.jar;C:\Users\user\.m2\repository\joda-time\joda-time\2.7\joda-time-2.7.jar;C:\Users\user\.m2\repository\org\springframework\plugin\spring-plugin-metadata\1.2.0.RELEASE\spring-plugin-metadata-1.2.0.RELEASE.jar;C:\Users\user\.m2\repository\org\springframework\hateoas\spring-hateoas\2.2.1\spring-hateoas-2.2.1.jar;C:\Users\user\.m2\repository\io\springfox\springfox-spi\2.0.1\springfox-spi-2.0.1.jar;C:\Users\user\.m2\repository\io\springfox\springfox-core\2.0.1\springfox-core-2.0.1.jar;C:\Users\user\.m2\repository\io\springfox\springfox-schema\2.0.1\springfox-schema-2.0.1.jar;C:\Users\user\.m2\repository\jakarta\servlet\jakarta.servlet-api\6.1.0-M2\jakarta.servlet-api-6.1.0-M2.jar;C:\Users\user\.m2\repository\io\jsonwebtoken\jjwt\0.12.5\jjwt-0.12.5.jar;C:\Users\user\.m2\repository\io\jsonwebtoken\jjwt-api\0.12.5\jjwt-api-0.12.5.jar;C:\Users\user\.m2\repository\io\jsonwebtoken\jjwt-impl\0.12.5\jjwt-impl-0.12.5.jar;C:\Users\user\.m2\repository\io\jsonwebtoken\jjwt-jackson\0.12.5\jjwt-jackson-0.12.5.jar;C:\Users\user\.m2\repository\org\springframework\security\oauth\spring-security-oauth2\2.5.2.RELEASE\spring-security-oauth2-2.5.2.RELEASE.jar;C:\Users\user\.m2\repository\org\springframework\spring-beans\6.1.5\spring-beans-6.1.5.jar;C:\Users\user\.m2\repository\org\springframework\spring-context\6.1.5\spring-context-6.1.5.jar;C:\Users\user\.m2\repository\commons-codec\commons-codec\1.16.1\commons-codec-1.16.1.jar;C:\Users\user\.m2\repository\org\springframework\plugin\spring-plugin-core\3.0.0\spring-plugin-core-3.0.0.jar;C:\Users\user\.m2\repository\org\springframework\boot\spring-boot-starter-mail\3.2.4\spring-boot-starter-mail-3.2.4.jar;C:\Users\user\.m2\repository\org\springframework\spring-context-support\6.1.5\spring-context-support-6.1.5.jar;C:\Users\user\.m2\repository\org\eclipse\angus\jakarta.mail\2.0.3\jakarta.mail-2.0.3.jar;C:\Users\user\.m2\repository\org\eclipse\angus\angus-activation\2.0.2\angus-activation-2.0.2.jar;C:\Users\user\.m2\repository\com\google\api-client\google-api-client\2.4.0\google-api-client-2.4.0.jar;C:\Users\user\.m2\repository\com\google\oauth-client\google-oauth-client\1.35.0\google-oauth-client-1.35.0.jar;C:\Users\user\.m2\repository\com\google\auth\google-auth-library-credentials\1.23.0\google-auth-library-credentials-1.23.0.jar;C:\Users\user\.m2\repository\com\google\auth\google-auth-library-oauth2-http\1.23.0\google-auth-library-oauth2-http-1.23.0.jar;C:\Users\user\.m2\repository\com\google\auto\value\auto-value-annotations\1.10.4\auto-value-annotations-1.10.4.jar;C:\Users\user\.m2\repository\com\google\code\findbugs\jsr305\3.0.2\jsr305-3.0.2.jar;C:\Users\user\.m2\repository\com\google\errorprone\error_prone_annotations\2.18.0\error_prone_annotations-2.18.0.jar;C:\Users\user\.m2\repository\com\google\http-client\google-http-client-gson\1.44.1\google-http-client-gson-1.44.1.jar;C:\Users\user\.m2\repository\com\google\http-client\google-http-client-apache-v2\1.44.1\google-http-client-apache-v2-1.44.1.jar;C:\Users\user\.m2\repository\org\apache\httpcomponents\httpcore\4.4.16\httpcore-4.4.16.jar;C:\Users\user\.m2\repository\org\apache\httpcomponents\httpclient\4.5.14\httpclient-4.5.14.jar;C:\Users\user\.m2\repository\commons-logging\commons-logging\1.2\commons-logging-1.2.jar;C:\Users\user\.m2\repository\com\google\http-client\google-http-client\1.44.1\google-http-client-1.44.1.jar;C:\Users\user\.m2\repository\com\google\j2objc\j2objc-annotations\2.8\j2objc-annotations-2.8.jar;C:\Users\user\.m2\repository\io\grpc\grpc-context\1.60.1\grpc-context-1.60.1.jar;C:\Users\user\.m2\repository\io\grpc\grpc-api\1.60.1\grpc-api-1.60.1.jar;C:\Users\user\.m2\repository\io\opencensus\opencensus-api\0.31.1\opencensus-api-0.31.1.jar;C:\Users\user\.m2\repository\io\opencensus\opencensus-contrib-http-util\0.31.1\opencensus-contrib-http-util-0.31.1.jar;C:\Users\user\.m2\repository\com\google\apis\google-api-services-gmail\v1-rev110-1.25.0\google-api-services-gmail-v1-rev110-1.25.0.jar;C:\Users\user\.m2\repository\com\google\api-client\google-api-client-jackson2\1.20.0\google-api-client-jackson2-1.20.0.jar;C:\Users\user\.m2\repository\com\google\http-client\google-http-client-jackson2\1.20.0\google-http-client-jackson2-1.20.0.jar;C:\Users\user\.m2\repository\org\springframework\security\spring-security-oauth2-client\6.2.3\spring-security-oauth2-client-6.2.3.jar;C:\Users\user\.m2\repository\org\springframework\security\spring-security-oauth2-core\6.2.3\spring-security-oauth2-core-6.2.3.jar;C:\Users\user\.m2\repository\com\nimbusds\oauth2-oidc-sdk\9.43.3\oauth2-oidc-sdk-9.43.3.jar;C:\Users\user\.m2\repository\com\github\stephenc\jcip\jcip-annotations\1.0-1\jcip-annotations-1.0-1.jar;C:\Users\user\.m2\repository\com\nimbusds\content-type\2.2\content-type-2.2.jar;C:\Users\user\.m2\repository\com\nimbusds\lang-tag\1.7\lang-tag-1.7.jar;C:\Users\user\.m2\repository\javax\mail\mail\1.4\mail-1.4.jar;C:\Users\user\.m2\repository\javax\activation\activation\1.1\activation-1.1.jar;C:\Users\user\.m2\repository\org\springframework\security\spring-security-oauth2-authorization-server\1.2.3\spring-security-oauth2-authorization-server-1.2.3.jar;C:\Users\user\.m2\repository\org\springframework\security\spring-security-oauth2-jose\6.2.3\spring-security-oauth2-jose-6.2.3.jar;C:\Users\user\.m2\repository\org\springframework\security\spring-security-oauth2-resource-server\6.2.3\spring-security-oauth2-resource-server-6.2.3.jar;C:\Users\user\.m2\repository\com\nimbusds\nimbus-jose-jwt\9.37.3\nimbus-jose-jwt-9.37.3.jar;C:\Users\user\.m2\repository\com\fasterxml\jackson\core\jackson-databind\2.15.4\jackson-databind-2.15.4.jar;C:\Users\user\.m2\repository\com\fasterxml\jackson\core\jackson-annotations\2.15.4\jackson-annotations-2.15.4.jar;C:\Users\user\.m2\repository\org\junit\jupiter\junit-jupiter-api\5.10.2\junit-jupiter-api-5.10.2.jar;C:\Users\user\.m2\repository\org\opentest4j\opentest4j\1.3.0\opentest4j-1.3.0.jar;C:\Users\user\.m2\repository\org\junit\platform\junit-platform-commons\1.10.2\junit-platform-commons-1.10.2.jar;C:\Users\user\.m2\repository\org\apiguardian\apiguardian-api\1.1.2\apiguardian-api-1.1.2.jar;C:\Users\user\.m2\repository\com\h2database\h2\2.2.224\h2-2.2.224.jar;C:\Users\user\.m2\repository\io\springfox\springfox-swagger2\3.0.0\springfox-swagger2-3.0.0.jar;C:\Users\user\.m2\repository\io\springfox\springfox-swagger-common\3.0.0\springfox-swagger-common-3.0.0.jar;C:\Users\user\.m2\repository\io\swagger\core\v3\swagger-annotations\2.1.2\swagger-annotations-2.1.2.jar;C:\Users\user\.m2\repository\io\springfox\springfox-spring-webmvc\3.0.0\springfox-spring-webmvc-3.0.0.jar;C:\Users\user\.m2\repository\io\springfox\springfox-spring-webflux\3.0.0\springfox-spring-webflux-3.0.0.jar;C:\Users\user\.m2\repository\io\swagger\swagger-annotations\1.5.20\swagger-annotations-1.5.20.jar;C:\Users\user\.m2\repository\io\swagger\swagger-models\1.5.20\swagger-models-1.5.20.jar;C:\Users\user\.m2\repository\org\mapstruct\mapstruct\1.3.1.Final\mapstruct-1.3.1.Final.jar;C:\Users\user\.m2\repository\org\springdoc\springdoc-openapi-starter-webmvc-ui\2.5.0\springdoc-openapi-starter-webmvc-ui-2.5.0.jar;C:\Users\user\.m2\repository\org\springdoc\springdoc-openapi-starter-webmvc-api\2.5.0\springdoc-openapi-starter-webmvc-api-2.5.0.jar;C:\Users\user\.m2\repository\org\springdoc\springdoc-openapi-starter-common\2.5.0\springdoc-openapi-starter-common-2.5.0.jar;C:\Users\user\.m2\repository\io\swagger\core\v3\swagger-core-jakarta\2.2.21\swagger-core-jakarta-2.2.21.jar;C:\Users\user\.m2\repository\org\apache\commons\commons-lang3\3.13.0\commons-lang3-3.13.0.jar;C:\Users\user\.m2\repository\io\swagger\core\v3\swagger-annotations-jakarta\2.2.21\swagger-annotations-jakarta-2.2.21.jar;C:\Users\user\.m2\repository\io\swagger\core\v3\swagger-models-jakarta\2.2.21\swagger-models-jakarta-2.2.21.jar;C:\Users\user\.m2\repository\jakarta\validation\jakarta.validation-api\3.0.2\jakarta.validation-api-3.0.2.jar;C:\Users\user\.m2\repository\com\fasterxml\jackson\dataformat\jackson-dataformat-yaml\2.15.4\jackson-dataformat-yaml-2.15.4.jar;C:\Users\user\.m2\repository\org\webjars\swagger-ui\5.13.0\swagger-ui-5.13.0.jar;"/>
    <property name="sun.cpu.endian" value="little"/>
    <property name="user.home" value="C:\Users\user"/>
    <property name="user.language" value="en"/>
    <property name="java.specification.vendor" value="Oracle Corporation"/>
    <property name="java.version.date" value="2024-01-16"/>
    <property name="java.home" value="C:\Users\user\.jdks\openjdk-21.0.2"/>
    <property name="file.separator" value="\"/>
    <property name="basedir" value="C:\Users\user\IdeaProjects\Junior-Java-Developer-BVP-Software"/>
    <property name="java.vm.compressedOopsMode" value="Zero based"/>
    <property name="line.separator" value="&#10;"/>
    <property name="java.vm.specification.vendor" value="Oracle Corporation"/>
    <property name="java.specification.name" value="Java Platform API Specification"/>
    <property name="FILE_LOG_CHARSET" value="UTF-8"/>
    <property name="java.awt.headless" value="true"/>
    <property name="surefire.real.class.path" value="C:\Users\user\AppData\Local\Temp\surefire15553858793777712019\surefirebooter-20240414232500755_3.jar"/>
    <property name="user.script" value=""/>
    <property name="sun.management.compiler" value="HotSpot 64-Bit Tiered Compilers"/>
    <property name="java.runtime.version" value="21.0.2+13-58"/>
    <property name="user.name" value="user"/>
    <property name="stdout.encoding" value="Cp1252"/>
    <property name="path.separator" value=";"/>
    <property name="os.version" value="10.0"/>
    <property name="java.runtime.name" value="OpenJDK Runtime Environment"/>
    <property name="file.encoding" value="UTF-8"/>
    <property name="java.vm.name" value="OpenJDK 64-Bit Server VM"/>
    <property name="localRepository" value="C:\Users\user\.m2\repository"/>
    <property name="java.vendor.url.bug" value="https://bugreport.java.com/bugreport/"/>
    <property name="java.io.tmpdir" value="C:\Users\user\AppData\Local\Temp\"/>
    <property name="idea.version" value="2023.3.5"/>
    <property name="com.zaxxer.hikari.pool_number" value="1"/>
    <property name="java.version" value="21.0.2"/>
    <property name="user.dir" value="C:\Users\user\IdeaProjects\Junior-Java-Developer-BVP-Software"/>
    <property name="os.arch" value="amd64"/>
    <property name="java.vm.specification.name" value="Java Virtual Machine Specification"/>
    <property name="PID" value="13808"/>
    <property name="sun.os.patch.level" value=""/>
    <property name="CONSOLE_LOG_CHARSET" value="UTF-8"/>
    <property name="native.encoding" value="Cp1252"/>
    <property name="java.library.path" value="C:\Users\user\.jdks\openjdk-21.0.2\bin;C:\Windows\Sun\Java\bin;C:\Windows\system32;C:\Windows;C:\Windows\system32;C:\Windows;C:\Windows\System32\Wbem;C:\Windows\System32\WindowsPowerShell\v1.0\;C:\Windows\System32\OpenSSH\;S:\Git\cmd;C:\Program Files\Docker\Docker\resources\bin;C:\Users\user\AppData\Local\Microsoft\WindowsApps;;S:\IntelliJ IDEA 2023.3.5\bin;;."/>
    <property name="java.vm.info" value="mixed mode, sharing"/>
    <property name="stderr.encoding" value="Cp1252"/>
    <property name="java.vendor" value="Oracle Corporation"/>
    <property name="java.vm.version" value="21.0.2+13-58"/>
    <property name="sun.io.unicode.encoding" value="UnicodeLittle"/>
    <property name="java.class.version" value="65.0"/>
    <property name="LOGGED_APPLICATION_NAME" value="[Junior-Java-Developer-BVP-Software] "/>
  </properties>
  <testcase name="load_user_by_userName_should_return_UsernameNotFoundException_test" classname="com.example.juniorjavadeveloperbvpsoftware.service.UserServiceTest" time="0.008"/>
  <testcase name="save_user_it_should_return_user_test" classname="com.example.juniorjavadeveloperbvpsoftware.service.UserServiceTest" time="0.002">
    <system-out><![CDATA[2024-04-14T23:25:09.699+03:00  INFO 13808 --- [Junior-Java-Developer-BVP-Software] [           main] c.e.j.service.impl.UserServiceImpl       : User saved: email@gmail.com
]]></system-out>
  </testcase>
  <testcase name="delete_test" classname="com.example.juniorjavadeveloperbvpsoftware.service.UserServiceTest" time="0.003"/>
  <testcase name="get_all_users_test" classname="com.example.juniorjavadeveloperbvpsoftware.service.UserServiceTest" time="0.002"/>
  <testcase name="update_user_NullPointerException_test" classname="com.example.juniorjavadeveloperbvpsoftware.service.UserServiceTest" time="0.003"/>
  <testcase name="save_user_it_should_return_NullEntityReferenceException_test" classname="com.example.juniorjavadeveloperbvpsoftware.service.UserServiceTest" time="0.003">
    <system-out><![CDATA[2024-04-14T23:25:09.711+03:00 ERROR 13808 --- [Junior-Java-Developer-BVP-Software] [           main] c.e.j.service.impl.UserServiceImpl       : Attempted to save null user
]]></system-out>
  </testcase>
  <testcase name="read_by_id_should_return_user_test" classname="com.example.juniorjavadeveloperbvpsoftware.service.UserServiceTest" time="0.002"/>
  <testcase name="save_user_it_should_return_NullPointerException_test" classname="com.example.juniorjavadeveloperbvpsoftware.service.UserServiceTest" time="0.002">
    <system-out><![CDATA[2024-04-14T23:25:09.716+03:00 ERROR 13808 --- [Junior-Java-Developer-BVP-Software] [           main] c.e.j.service.impl.UserServiceImpl       : Attempted to save empty email or password
]]></system-out>
  </testcase>
  <testcase name="update_user_test" classname="com.example.juniorjavadeveloperbvpsoftware.service.UserServiceTest" time="0.002"/>
  <testcase name="delete_should_return_ThrowException_test" classname="com.example.juniorjavadeveloperbvpsoftware.service.UserServiceTest" time="0.002"/>
  <testcase name="save_user_it_should_return_UserAlreadyExistsException_test" classname="com.example.juniorjavadeveloperbvpsoftware.service.UserServiceTest" time="0.003">
    <system-out><![CDATA[2024-04-14T23:25:09.726+03:00 ERROR 13808 --- [Junior-Java-Developer-BVP-Software] [           main] c.e.j.service.impl.UserServiceImpl       : Attempted to save user with existing email: email@gmail.com
]]></system-out>
  </testcase>
  <testcase name="update_user_NullEntityReferenceException_test" classname="com.example.juniorjavadeveloperbvpsoftware.service.UserServiceTest" time="0.003">
    <system-out><![CDATA[2024-04-14T23:25:09.729+03:00 ERROR 13808 --- [Junior-Java-Developer-BVP-Software] [           main] c.e.j.service.impl.UserServiceImpl       : Attempted to update null user
]]></system-out>
  </testcase>
  <testcase name="load_user_by_userName_test" classname="com.example.juniorjavadeveloperbvpsoftware.service.UserServiceTest" time="0.002"/>
  <testcase name="find_by_email_should_return_user_test" classname="com.example.juniorjavadeveloperbvpsoftware.service.UserServiceTest" time="0.003"/>
  <testcase name="read_by_id_should_return_EntityNotFoundException_test" classname="com.example.juniorjavadeveloperbvpsoftware.service.UserServiceTest" time="0.003"/>
  <testcase name="find_by_email_should_return_null_test" classname="com.example.juniorjavadeveloperbvpsoftware.service.UserServiceTest" time="0.006">
    <system-out><![CDATA[2024-04-14T23:25:09.745+03:00 ERROR 13808 --- [Junior-Java-Developer-BVP-Software] [           main] c.e.j.service.impl.UserServiceImpl       : Unable to find user with email: email
]]></system-out>
  </testcase>
</testsuite>